2018-08-10 11:33:21 [main] INFO  BaseTest - CreatePreviewAndPublishNewPage
2018-08-10 11:33:24 [main] INFO  BaseTest - Open browser Chrome
2018-08-10 11:33:24 [main] INFO  BaseTest - Navigate to: http://testing.webtic.info/wordpress/wp-login.php
2018-08-10 11:33:33 [main] INFO  WebTextInput - Sendkeys for element User Name Input with value:'admin'
2018-08-10 11:33:33 [main] INFO  WebTextInput - Current value	: admin
	Expected value	: admin
2018-08-10 11:33:33 [main] INFO  WebTextInput - Sendkeys for element User Pass Input with value:'admin_pass!'
2018-08-10 11:33:33 [main] INFO  WebTextInput - Current value	: admin_pass!
	Expected value	: admin_pass!
2018-08-10 11:33:33 [main] INFO  WebTypifiedElement - Clicking on element Submit Btn
2018-08-10 11:33:36 [main] INFO  WebTypifiedElement - Element Page Name Label is displayed
2018-08-10 11:33:37 [main] INFO  WebTypifiedElement - Check content coincidence for Page Name Label
2018-08-10 11:33:37 [main] INFO  WebTypifiedElement - Check 2 strings if equals
	1st:Dashboard
	2nd:Dashboard
2018-08-10 11:33:37 [main] INFO  WebTypifiedElement - Element Welcome Msg is displayed
2018-08-10 11:33:37 [main] INFO  WebTypifiedElement - Check content coincidence for Welcome Msg
2018-08-10 11:33:37 [main] INFO  WebTypifiedElement - Check 2 strings if equals
	1st:Welcome to WordPress!
	2nd:Welcome to WordPress!
2018-08-10 11:33:38 [main] INFO  AbstractPOM - Clicking submenu: Pages -> Add New
2018-08-10 11:33:41 [main] INFO  WebTypifiedElement - Element Page Name Label is displayed
2018-08-10 11:33:41 [main] INFO  WebTypifiedElement - Check content coincidence for Page Name Label
2018-08-10 11:33:41 [main] INFO  WebTypifiedElement - Check 2 strings if equals
	1st:Add New Page
	2nd:Add New Page
2018-08-10 11:33:41 [main] INFO  WebTextInput - Sendkeys for element Post Title Input with value:'Page title_2018-08-10_11-33-41'
2018-08-10 11:33:41 [main] INFO  WebTextInput - Current value	: Page title_2018-08-10_11-33-41
	Expected value	: Page title_2018-08-10_11-33-41
2018-08-10 11:33:43 [main] INFO  WebTypifiedElement - Clicking on element Btn Preview
2018-08-10 11:33:44 [main] INFO  WebTypifiedElement - Element Txt Entry Title is displayed
2018-08-10 11:33:48 [main] INFO  WebTypifiedElement - Check content coincidence for Txt Entry Title
2018-08-10 11:33:48 [main] INFO  WebTypifiedElement - Check 2 strings if equals
	1st:PAGE TITLE_2018-08-10_11-33-41
	2nd:PAGE TITLE_2018-08-10_11-33-41
2018-08-10 11:33:48 [main] INFO  WebTypifiedElement - Element Txt Entry Content is displayed
2018-08-10 11:33:48 [main] INFO  WebTypifiedElement - Check content coincidence for Txt Entry Content
2018-08-10 11:33:48 [main] INFO  WebTypifiedElement - Check 2 strings if equals
	1st:Page content_2018-08-10_11-33-41
	2nd:Page content_2018-08-10_11-33-41
2018-08-10 11:33:48 [main] INFO  WebTypifiedElement - Clicking on element Btn Edit Entry
2018-08-10 11:33:50 [main] INFO  WebTypifiedElement - Clicking on element Btn Publish
2018-08-10 11:33:54 [main] INFO  WebTypifiedElement - Clicking on element Lnk All Pages
2018-08-10 11:33:57 [main] INFO  WebTypifiedElement - Element Page Name Label is displayed
2018-08-10 11:33:57 [main] INFO  WebTypifiedElement - Check content coincidence for Page Name Label
2018-08-10 11:33:57 [main] INFO  WebTypifiedElement - Check 2 strings if equals
	1st:Pages
	2nd:Pages
